[ 10%] [32mBuilding CXX object CMakeFiles/create.dir/src/create.cpp.o[0m
[01m[K/home/ros25/ROS/ROS_25/colcon_ws/src/ros_gz/ros_gz_sim/src/create.cpp:15:10:[m[K [01;31m[Kfatal error: [m[Kgflags/gflags.h: ê·¸ëŸ° íŒŒì¼ì´ë‚˜ ë””ë ‰í„°ë¦¬ê°€ ì—†ìŠµë‹ˆë‹¤
   15 | #include [01;31m[K<gflags/gflags.h>[m[K
      |          [01;31m[K^~~~~~~~~~~~~~~~~[m[K
compilation terminated.
gmake[2]: *** [CMakeFiles/create.dir/build.make:76: CMakeFiles/create.dir/src/create.cpp.o] ì˜¤ë¥˜ 1
gmake[1]: *** [CMakeFiles/Makefile2:159: CMakeFiles/create.dir/all] ì˜¤ë¥˜ 2
gmake: *** [Makefile:146: all] ì˜¤ë¥˜ 2
